action: py39-ansible210, msg: getenv
cwd: /opt/vector
cmd: /opt/vector/.tox/py39-ansible210/bin/python -m pip install -rtox-requirements.txt 'ansible<3.0'
Collecting ansible<3.0
  Downloading ansible-2.10.7.tar.gz (29.9 MB)
     ━━━━━━━━━━━━━━━━━━━━━━━━━━━━━━━━━━━━━━━━ 29.9/29.9 MB 783.7 kB/s eta 0:00:00
  Preparing metadata (setup.py): started
  Preparing metadata (setup.py): finished with status 'done'
Collecting selinux
  Downloading selinux-0.3.0-py2.py3-none-any.whl (4.2 kB)
Collecting ansible-lint==5.1.3
  Downloading ansible_lint-5.1.3-py3-none-any.whl (113 kB)
     ━━━━━━━━━━━━━━━━━━━━━━━━━━━━━━━━━━━━━━━━ 113.8/113.8 KB 206.0 kB/s eta 0:00:00
Collecting yamllint==1.26.3
  Downloading yamllint-1.26.3.tar.gz (126 kB)
     ━━━━━━━━━━━━━━━━━━━━━━━━━━━━━━━━━━━━━━━━ 126.7/126.7 KB 261.5 kB/s eta 0:00:00
  Preparing metadata (setup.py): started
  Preparing metadata (setup.py): finished with status 'done'
Collecting lxml
  Downloading lxml-4.9.3-cp39-cp39-manylinux_2_28_x86_64.whl (8.0 MB)
     ━━━━━━━━━━━━━━━━━━━━━━━━━━━━━━━━━━━━━━━━ 8.0/8.0 MB 1.2 MB/s eta 0:00:00
Collecting molecule==3.5.2
  Downloading molecule-3.5.2-py3-none-any.whl (240 kB)
     ━━━━━━━━━━━━━━━━━━━━━━━━━━━━━━━━━━━━━━━━ 240.2/240.2 KB 1.4 MB/s eta 0:00:00
Collecting molecule_podman
  Downloading molecule_podman-2.0.3-py3-none-any.whl (15 kB)
Collecting jmespath
  Downloading jmespath-1.0.1-py3-none-any.whl (20 kB)
Collecting enrich>=1.2.6
  Downloading enrich-1.2.7-py3-none-any.whl (8.7 kB)
Collecting wcmatch>=7.0
  Downloading wcmatch-8.5-py3-none-any.whl (39 kB)
Collecting pyyaml
  Downloading PyYAML-6.0.1-cp39-cp39-manylinux_2_17_x86_64.manylinux2014_x86_64.whl (738 kB)
     ━━━━━━━━━━━━━━━━━━━━━━━━━━━━━━━━━━━━━━━━ 738.9/738.9 KB 1.2 MB/s eta 0:00:00
Collecting tenacity
  Downloading tenacity-8.2.3-py3-none-any.whl (24 kB)
Collecting ruamel.yaml<1,>=0.15.37
  Downloading ruamel.yaml-0.18.5-py3-none-any.whl (116 kB)
     ━━━━━━━━━━━━━━━━━━━━━━━━━━━━━━━━━━━━━━━━ 116.4/116.4 KB 822.0 kB/s eta 0:00:00
Collecting rich>=9.5.1
  Downloading rich-13.6.0-py3-none-any.whl (239 kB)
     ━━━━━━━━━━━━━━━━━━━━━━━━━━━━━━━━━━━━━━━━ 239.8/239.8 KB 1.2 MB/s eta 0:00:00
Collecting packaging
  Downloading packaging-23.2-py3-none-any.whl (53 kB)
     ━━━━━━━━━━━━━━━━━━━━━━━━━━━━━━━━━━━━━━━━ 53.0/53.0 KB 1.7 MB/s eta 0:00:00
Collecting pathspec>=0.5.3
  Downloading pathspec-0.11.2-py3-none-any.whl (29 kB)
Requirement already satisfied: setuptools in ./.tox/py39-ansible210/lib/python3.9/site-packages (from yamllint==1.26.3->-r tox-requirements.txt (line 3)) (62.1.0)
Collecting Jinja2>=2.11.3
  Downloading Jinja2-3.1.2-py3-none-any.whl (133 kB)
     ━━━━━━━━━━━━━━━━━━━━━━━━━━━━━━━━━━━━━━━━ 133.1/133.1 KB 811.4 kB/s eta 0:00:00
Collecting cookiecutter>=1.7.3
  Downloading cookiecutter-2.4.0-py3-none-any.whl (38 kB)
Collecting subprocess-tee>=0.3.5
  Downloading subprocess_tee-0.4.1-py3-none-any.whl (5.1 kB)
Collecting paramiko<3,>=2.5.0
  Downloading paramiko-2.12.0-py2.py3-none-any.whl (213 kB)
     ━━━━━━━━━━━━━━━━━━━━━━━━━━━━━━━━━━━━━━━━ 213.1/213.1 KB 1.1 MB/s eta 0:00:00
Collecting pluggy<2.0,>=0.7.1
  Downloading pluggy-1.3.0-py3-none-any.whl (18 kB)
Collecting ansible-compat>=0.5.0
  Downloading ansible_compat-4.1.10-py3-none-any.whl (22 kB)
Collecting click<9,>=8.0
  Downloading click-8.1.7-py3-none-any.whl (97 kB)
     ━━━━━━━━━━━━━━━━━━━━━━━━━━━━━━━━━━━━━━━━ 97.9/97.9 KB 896.8 kB/s eta 0:00:00
Collecting click-help-colors>=0.9
  Downloading click_help_colors-0.9.2-py3-none-any.whl (5.5 kB)
Collecting cerberus!=1.3.3,!=1.3.4,>=1.3.1
  Downloading Cerberus-1.3.5-py3-none-any.whl (30 kB)
Collecting pyyaml
  Downloading PyYAML-5.4.1-cp39-cp39-manylinux1_x86_64.whl (630 kB)
     ━━━━━━━━━━━━━━━━━━━━━━━━━━━━━━━━━━━━━━━━ 630.1/630.1 KB 1.1 MB/s eta 0:00:00
Collecting ansible-base<2.11,>=2.10.5
  Downloading ansible-base-2.10.17.tar.gz (6.1 MB)
     ━━━━━━━━━━━━━━━━━━━━━━━━━━━━━━━━━━━━━━━━ 6.1/6.1 MB 1.4 MB/s eta 0:00:00
  Preparing metadata (setup.py): started
  Preparing metadata (setup.py): finished with status 'done'
Collecting distro>=1.3.0
  Downloading distro-1.8.0-py3-none-any.whl (20 kB)
Collecting molecule_podman
  Downloading molecule_podman-2.0.2-py3-none-any.whl (15 kB)
  Downloading molecule_podman-2.0.1-py3-none-any.whl (9.9 kB)
  Downloading molecule_podman-2.0.0-py3-none-any.whl (15 kB)
Collecting cryptography
  Downloading cryptography-41.0.5-cp37-abi3-manylinux_2_28_x86_64.whl (4.4 MB)
     ━━━━━━━━━━━━━━━━━━━━━━━━━━━━━━━━━━━━━━━━ 4.4/4.4 MB 1.2 MB/s eta 0:00:00
Collecting ansible-core>=2.12
  Downloading ansible_core-2.15.6-py3-none-any.whl (2.2 MB)
     ━━━━━━━━━━━━━━━━━━━━━━━━━━━━━━━━━━━━━━━━ 2.2/2.2 MB 876.3 kB/s eta 0:00:00
Collecting typing-extensions>=4.5.0
  Downloading typing_extensions-4.8.0-py3-none-any.whl (31 kB)
Collecting jsonschema>=4.6.0
  Downloading jsonschema-4.19.2-py3-none-any.whl (83 kB)
     ━━━━━━━━━━━━━━━━━━━━━━━━━━━━━━━━━━━━━━━━ 83.6/83.6 KB 568.7 kB/s eta 0:00:00
Collecting arrow
  Downloading arrow-1.3.0-py3-none-any.whl (66 kB)
     ━━━━━━━━━━━━━━━━━━━━━━━━━━━━━━━━━━━━━━━━ 66.4/66.4 KB 485.5 kB/s eta 0:00:00
Collecting python-slugify>=4.0.0
  Downloading python_slugify-8.0.1-py2.py3-none-any.whl (9.7 kB)
Collecting binaryornot>=0.4.4
  Downloading binaryornot-0.4.4-py2.py3-none-any.whl (9.0 kB)
Collecting requests>=2.23.0
  Downloading requests-2.31.0-py3-none-any.whl (62 kB)
     ━━━━━━━━━━━━━━━━━━━━━━━━━━━━━━━━━━━━━━━━ 62.6/62.6 KB 468.5 kB/s eta 0:00:00
Collecting MarkupSafe>=2.0
  Downloading MarkupSafe-2.1.3-cp39-cp39-manylinux_2_17_x86_64.manylinux2014_x86_64.whl (25 kB)
Collecting bcrypt>=3.1.3
  Downloading bcrypt-4.0.1-cp36-abi3-manylinux_2_28_x86_64.whl (593 kB)
     ━━━━━━━━━━━━━━━━━━━━━━━━━━━━━━━━━━━━━━━━ 593.7/593.7 KB 852.5 kB/s eta 0:00:00
Collecting six
  Using cached six-1.16.0-py2.py3-none-any.whl (11 kB)
Collecting pynacl>=1.0.1
  Downloading PyNaCl-1.5.0-cp36-abi3-manylinux_2_17_x86_64.manylinux2014_x86_64.manylinux_2_24_x86_64.whl (856 kB)
     ━━━━━━━━━━━━━━━━━━━━━━━━━━━━━━━━━━━━━━━━ 856.7/856.7 KB 803.1 kB/s eta 0:00:00
Collecting markdown-it-py>=2.2.0
  Downloading markdown_it_py-3.0.0-py3-none-any.whl (87 kB)
     ━━━━━━━━━━━━━━━━━━━━━━━━━━━━━━━━━━━━━━━━ 87.5/87.5 KB 1.1 MB/s eta 0:00:00
Collecting pygments<3.0.0,>=2.13.0
  Downloading Pygments-2.16.1-py3-none-any.whl (1.2 MB)
     ━━━━━━━━━━━━━━━━━━━━━━━━━━━━━━━━━━━━━━━━ 1.2/1.2 MB 940.4 kB/s eta 0:00:00
Collecting ruamel.yaml.clib>=0.2.7
  Downloading ruamel.yaml.clib-0.2.8-cp39-cp39-manylinux_2_5_x86_64.manylinux1_x86_64.whl (562 kB)
     ━━━━━━━━━━━━━━━━━━━━━━━━━━━━━━━━━━━━━━━━ 562.1/562.1 KB 981.9 kB/s eta 0:00:00
Collecting bracex>=2.1.1
  Downloading bracex-2.4-py3-none-any.whl (11 kB)
Collecting resolvelib<1.1.0,>=0.5.3
  Downloading resolvelib-1.0.1-py2.py3-none-any.whl (17 kB)
Collecting importlib-resources<5.1,>=5.0
  Downloading importlib_resources-5.0.7-py3-none-any.whl (24 kB)
Collecting chardet>=3.0.2
  Downloading chardet-5.2.0-py3-none-any.whl (199 kB)
     ━━━━━━━━━━━━━━━━━━━━━━━━━━━━━━━━━━━━━━━━ 199.4/199.4 KB 1.0 MB/s eta 0:00:00
Collecting cffi>=1.12
  Downloading cffi-1.16.0-cp39-cp39-manylinux_2_17_x86_64.manylinux2014_x86_64.whl (443 kB)
     ━━━━━━━━━━━━━━━━━━━━━━━━━━━━━━━━━━━━━━━━ 443.4/443.4 KB 1.2 MB/s eta 0:00:00
Collecting jsonschema-specifications>=2023.03.6
  Downloading jsonschema_specifications-2023.7.1-py3-none-any.whl (17 kB)
Collecting referencing>=0.28.4
  Downloading referencing-0.30.2-py3-none-any.whl (25 kB)
Collecting rpds-py>=0.7.1
  Downloading rpds_py-0.12.0-cp39-cp39-manylinux_2_17_x86_64.manylinux2014_x86_64.whl (1.2 MB)
     ━━━━━━━━━━━━━━━━━━━━━━━━━━━━━━━━━━━━━━━━ 1.2/1.2 MB 1.8 MB/s eta 0:00:00
Collecting attrs>=22.2.0
  Downloading attrs-23.1.0-py3-none-any.whl (61 kB)
     ━━━━━━━━━━━━━━━━━━━━━━━━━━━━━━━━━━━━━━━━ 61.2/61.2 KB 1.2 MB/s eta 0:00:00
Collecting mdurl~=0.1
  Downloading mdurl-0.1.2-py3-none-any.whl (10.0 kB)
Collecting text-unidecode>=1.3
  Downloading text_unidecode-1.3-py2.py3-none-any.whl (78 kB)
     ━━━━━━━━━━━━━━━━━━━━━━━━━━━━━━━━━━━━━━━━ 78.2/78.2 KB 1.9 MB/s eta 0:00:00
Collecting certifi>=2017.4.17
  Downloading certifi-2023.7.22-py3-none-any.whl (158 kB)
     ━━━━━━━━━━━━━━━━━━━━━━━━━━━━━━━━━━━━━━━━ 158.3/158.3 KB 1.9 MB/s eta 0:00:00
Collecting idna<4,>=2.5
  Downloading idna-3.4-py3-none-any.whl (61 kB)
     ━━━━━━━━━━━━━━━━━━━━━━━━━━━━━━━━━━━━━━━━ 61.5/61.5 KB 1.8 MB/s eta 0:00:00
Collecting urllib3<3,>=1.21.1
  Downloading urllib3-2.0.7-py3-none-any.whl (124 kB)
     ━━━━━━━━━━━━━━━━━━━━━━━━━━━━━━━━━━━━━━━━ 124.2/124.2 KB 1.8 MB/s eta 0:00:00
Collecting charset-normalizer<4,>=2
  Downloading charset_normalizer-3.3.2-cp39-cp39-manylinux_2_17_x86_64.manylinux2014_x86_64.whl (142 kB)
     ━━━━━━━━━━━━━━━━━━━━━━━━━━━━━━━━━━━━━━━━ 142.3/142.3 KB 1.8 MB/s eta 0:00:00
Collecting python-dateutil>=2.7.0
  Downloading python_dateutil-2.8.2-py2.py3-none-any.whl (247 kB)
     ━━━━━━━━━━━━━━━━━━━━━━━━━━━━━━━━━━━━━━━━ 247.7/247.7 KB 1.9 MB/s eta 0:00:00
Collecting types-python-dateutil>=2.8.10
  Downloading types_python_dateutil-2.8.19.14-py3-none-any.whl (9.4 kB)
Collecting pycparser
  Downloading pycparser-2.21-py2.py3-none-any.whl (118 kB)
     ━━━━━━━━━━━━━━━━━━━━━━━━━━━━━━━━━━━━━━━━ 118.7/118.7 KB 1.8 MB/s eta 0:00:00
Building wheels for collected packages: yamllint, ansible, ansible-base
  Building wheel for yamllint (setup.py): started
  Building wheel for yamllint (setup.py): finished with status 'done'
  Created wheel for yamllint: filename=yamllint-1.26.3-py2.py3-none-any.whl size=60820 sha256=a831eaaa06556426be263ff711970ec0053ed17dce10898b60cd8e406ffe0225
  Stored in directory: /root/.cache/pip/wheels/ad/e7/53/f6ab69bd61ed0a887ee815302635448de42a0bc04035d5c1e9
  Building wheel for ansible (setup.py): started
  Building wheel for ansible (setup.py): still running...
  Building wheel for ansible (setup.py): finished with status 'done'
  Created wheel for ansible: filename=ansible-2.10.7-py3-none-any.whl size=48212999 sha256=96ae187b2b9e4e37c3b8488158c42d1bc2a1b4fec19555813846d4de1779cd4b
  Stored in directory: /root/.cache/pip/wheels/d6/46/93/27a3ddde47e17cc3cb9d04ce9661b9cd39a186af92c7c48592
  Building wheel for ansible-base (setup.py): started
  Building wheel for ansible-base (setup.py): finished with status 'done'
  Created wheel for ansible-base: filename=ansible_base-2.10.17-py3-none-any.whl size=1880375 sha256=b8ccb5e5f84ce81a02c16e2f100a142326bcab74f9ed00ed8e218d63805a2277
  Stored in directory: /root/.cache/pip/wheels/77/01/15/0d4b716065c1270fd0b9c28e5bd44d5fd907c43a85791747d7
Successfully built yamllint ansible ansible-base
Installing collected packages: types-python-dateutil, text-unidecode, resolvelib, cerberus, urllib3, typing-extensions, tenacity, subprocess-tee, six, ruamel.yaml.clib, rpds-py, pyyaml, python-slugify, pygments, pycparser, pluggy, pathspec, packaging, mdurl, MarkupSafe, lxml, jmespath, importlib-resources, idna, distro, click, charset-normalizer, chardet, certifi, bracex, bcrypt, attrs, yamllint, wcmatch, selinux, ruamel.yaml, requests, referencing, python-dateutil, markdown-it-py, Jinja2, click-help-colors, cffi, binaryornot, rich, pynacl, jsonschema-specifications, cryptography, arrow, paramiko, jsonschema, enrich, cookiecutter, ansible-core, ansible-base, ansible-lint, ansible-compat, ansible, molecule, molecule_podman
Exception ignored in: <function _TemporaryFileCloser.__del__ at 0x7f79817fb4c0>
Traceback (most recent call last):
  File "/usr/local/lib/python3.9/tempfile.py", line 440, in __del__
    def __del__(self):
KeyboardInterrupt: 
